  SchwartzChurchill.cpp
C:\Users\Dave\Documents\repos\SchwartzChurchill3\SchwartzChurchill3\SchwartzChurchill.cpp(32,1): warning C4273: 'create': inconsistent dll linkage
C:\Users\Dave\Documents\repos\SchwartzChurchill3\SchwartzChurchill3\SchwartzChurchill.h(49,50): message : see previous definition of 'create'
C:\Users\Dave\Documents\repos\SchwartzChurchill3\SchwartzChurchill3\SchwartzChurchill.cpp(44,17): warning C4244: 'initializing': conversion from 'double' to 'int', possible loss of data
C:\Users\Dave\Documents\repos\SchwartzChurchill3\SchwartzChurchill3\SchwartzChurchill.cpp(47,31): warning C4056: overflow in floating-point constant arithmetic
C:\Users\Dave\Documents\repos\SchwartzChurchill3\SchwartzChurchill3\SchwartzChurchill.cpp(48,20): warning C4018: '<': signed/unsigned mismatch
C:\Users\Dave\Documents\repos\SchwartzChurchill3\SchwartzChurchill3\SchwartzChurchill.cpp(60,1): warning C4273: 'search': inconsistent dll linkage
C:\Users\Dave\Documents\repos\SchwartzChurchill3\SchwartzChurchill3\SchwartzChurchill.h(54,42): message : see previous definition of 'search'
C:\Users\Dave\Documents\repos\SchwartzChurchill3\SchwartzChurchill3\SchwartzChurchill.cpp(62,21): warning C4018: '<': signed/unsigned mismatch
C:\Users\Dave\Documents\repos\SchwartzChurchill3\SchwartzChurchill3\SchwartzChurchill.cpp(62,57): warning C4018: '<': signed/unsigned mismatch
C:\Users\Dave\Documents\repos\SchwartzChurchill3\SchwartzChurchill3\SchwartzChurchill.cpp(65,19): error C2039: 'x': is not a member of 'std::vector<std::vector<Point,std::allocator<Point>>,std::allocator<std::vector<Point,std::allocator<Point>>>>'
C:\Users\Dave\Documents\repos\SchwartzChurchill3\SchwartzChurchill3\SchwartzChurchill.cpp(18): message : see declaration of 'std::vector<std::vector<Point,std::allocator<Point>>,std::allocator<std::vector<Point,std::allocator<Point>>>>'
C:\Users\Dave\Documents\repos\SchwartzChurchill3\SchwartzChurchill3\SchwartzChurchill.cpp(66,19): error C2039: 'x': is not a member of 'std::vector<std::vector<Point,std::allocator<Point>>,std::allocator<std::vector<Point,std::allocator<Point>>>>'
C:\Users\Dave\Documents\repos\SchwartzChurchill3\SchwartzChurchill3\SchwartzChurchill.cpp(18): message : see declaration of 'std::vector<std::vector<Point,std::allocator<Point>>,std::allocator<std::vector<Point,std::allocator<Point>>>>'
C:\Users\Dave\Documents\repos\SchwartzChurchill3\SchwartzChurchill3\SchwartzChurchill.cpp(67,19): error C2039: 'y': is not a member of 'std::vector<std::vector<Point,std::allocator<Point>>,std::allocator<std::vector<Point,std::allocator<Point>>>>'
C:\Users\Dave\Documents\repos\SchwartzChurchill3\SchwartzChurchill3\SchwartzChurchill.cpp(18): message : see declaration of 'std::vector<std::vector<Point,std::allocator<Point>>,std::allocator<std::vector<Point,std::allocator<Point>>>>'
C:\Users\Dave\Documents\repos\SchwartzChurchill3\SchwartzChurchill3\SchwartzChurchill.cpp(68,19): error C2039: 'y': is not a member of 'std::vector<std::vector<Point,std::allocator<Point>>,std::allocator<std::vector<Point,std::allocator<Point>>>>'
C:\Users\Dave\Documents\repos\SchwartzChurchill3\SchwartzChurchill3\SchwartzChurchill.cpp(18): message : see declaration of 'std::vector<std::vector<Point,std::allocator<Point>>,std::allocator<std::vector<Point,std::allocator<Point>>>>'
C:\Users\Dave\Documents\repos\SchwartzChurchill3\SchwartzChurchill3\SchwartzChurchill.cpp(71,31): error C2664: 'void std::vector<Point,std::allocator<Point>>::push_back(const _Ty &)': cannot convert argument 1 from '_Ty' to 'const _Ty &'
          with
          [
              _Ty=Point
          ]
          and
          [
              _Ty=std::vector<std::vector<Point,std::allocator<Point>>,std::allocator<std::vector<Point,std::allocator<Point>>>>
          ]
          and
          [
              _Ty=Point
          ]
C:\Users\Dave\Documents\repos\SchwartzChurchill3\SchwartzChurchill3\SchwartzChurchill.cpp(71,31): message : Reason: cannot convert from '_Ty' to 'const _Ty'
          with
          [
              _Ty=std::vector<std::vector<Point,std::allocator<Point>>,std::allocator<std::vector<Point,std::allocator<Point>>>>
          ]
          and
          [
              _Ty=Point
          ]
C:\Users\Dave\Documents\repos\SchwartzChurchill3\SchwartzChurchill3\SchwartzChurchill.cpp(71,30): message : No user-defined-conversion operator available that can perform this conversion, or the operator cannot be called
C:\Program Files (x86)\Microsoft Visual Studio\2019\Community\VC\Tools\MSVC\14.28.29910\include\vector(723,10): message : see declaration of 'std::vector<Point,std::allocator<Point>>::push_back'
C:\Users\Dave\Documents\repos\SchwartzChurchill3\SchwartzChurchill3\SchwartzChurchill.cpp(76,20): warning C4018: '<': signed/unsigned mismatch
C:\Users\Dave\Documents\repos\SchwartzChurchill3\SchwartzChurchill3\SchwartzChurchill.cpp(87,1): warning C4273: 'destroy': inconsistent dll linkage
C:\Users\Dave\Documents\repos\SchwartzChurchill3\SchwartzChurchill3\SchwartzChurchill.h(57,50): message : see previous definition of 'destroy'
